2013/09/04 14:37:56 [error] [exception.CException] exception 'CException' with message 'CAssetManager.basePath "/opt/lampp/htdocs/yiizero/assets" is invalid. Please make sure the directory exists and is writable by the Web server process.' in /opt/lampp/htdocs/yii-1.1.14.f0fee9/framework/web/CAssetManager.php:138
Stack trace:
#0 /opt/lampp/htdocs/yii-1.1.14.f0fee9/framework/web/CAssetManager.php(123): CAssetManager->setBasePath('/opt/lampp/htdo...')
#1 /opt/lampp/htdocs/yii-1.1.14.f0fee9/framework/web/CAssetManager.php(217): CAssetManager->getBasePath()
#2 /opt/lampp/htdocs/yiizero/protected/extensions/bootstrap/components/Bootstrap.php(478): CAssetManager->publish('/opt/lampp/htdo...', false, -1, false)
#3 /opt/lampp/htdocs/yiizero/protected/extensions/bootstrap/components/packages.php(15): Bootstrap->getAssetsUrl()
#4 /opt/lampp/htdocs/yiizero/protected/extensions/bootstrap/components/Bootstrap.php(218): require('/opt/lampp/htdo...')
#5 /opt/lampp/htdocs/yiizero/protected/extensions/bootstrap/components/Bootstrap.php(203): Bootstrap->appendUserSuppliedPackagesToOurs()
#6 /opt/lampp/htdocs/yiizero/protected/extensions/bootstrap/components/Bootstrap.php(171): Bootstrap->includeAssets()
#7 /opt/lampp/htdocs/yii-1.1.14.f0fee9/framework/base/CModule.php(387): Bootstrap->init()
#8 /opt/lampp/htdocs/yii-1.1.14.f0fee9/framework/base/CModule.php(523): CModule->getComponent('bootstrap')
#9 /opt/lampp/htdocs/yii-1.1.14.f0fee9/framework/base/CApplication.php(163): CModule->preloadComponents()
#10 /opt/lampp/htdocs/yii-1.1.14.f0fee9/framework/YiiBase.php(125): CApplication->__construct('/opt/lampp/htdo...')
#11 /opt/lampp/htdocs/yii-1.1.14.f0fee9/framework/YiiBase.php(98): YiiBase::createApplication('CWebApplication', '/opt/lampp/htdo...')
#12 /opt/lampp/htdocs/yiizero/index.php(13): YiiBase::createWebApplication('/opt/lampp/htdo...')
#13 {main}
REQUEST_URI=/yiizero/
---
2013/09/04 14:38:35 [error] [exception.CException] exception 'CException' with message 'CAssetManager.basePath "/opt/lampp/htdocs/yiizero/assets" is invalid. Please make sure the directory exists and is writable by the Web server process.' in /opt/lampp/htdocs/yii-1.1.14.f0fee9/framework/web/CAssetManager.php:138
Stack trace:
#0 /opt/lampp/htdocs/yii-1.1.14.f0fee9/framework/web/CAssetManager.php(123): CAssetManager->setBasePath('/opt/lampp/htdo...')
#1 /opt/lampp/htdocs/yii-1.1.14.f0fee9/framework/web/CAssetManager.php(217): CAssetManager->getBasePath()
#2 /opt/lampp/htdocs/yiizero/protected/extensions/bootstrap/components/Bootstrap.php(478): CAssetManager->publish('/opt/lampp/htdo...', false, -1, false)
#3 /opt/lampp/htdocs/yiizero/protected/extensions/bootstrap/components/packages.php(15): Bootstrap->getAssetsUrl()
#4 /opt/lampp/htdocs/yiizero/protected/extensions/bootstrap/components/Bootstrap.php(218): require('/opt/lampp/htdo...')
#5 /opt/lampp/htdocs/yiizero/protected/extensions/bootstrap/components/Bootstrap.php(203): Bootstrap->appendUserSuppliedPackagesToOurs()
#6 /opt/lampp/htdocs/yiizero/protected/extensions/bootstrap/components/Bootstrap.php(171): Bootstrap->includeAssets()
#7 /opt/lampp/htdocs/yii-1.1.14.f0fee9/framework/base/CModule.php(387): Bootstrap->init()
#8 /opt/lampp/htdocs/yii-1.1.14.f0fee9/framework/base/CModule.php(523): CModule->getComponent('bootstrap')
#9 /opt/lampp/htdocs/yii-1.1.14.f0fee9/framework/base/CApplication.php(163): CModule->preloadComponents()
#10 /opt/lampp/htdocs/yii-1.1.14.f0fee9/framework/YiiBase.php(125): CApplication->__construct('/opt/lampp/htdo...')
#11 /opt/lampp/htdocs/yii-1.1.14.f0fee9/framework/YiiBase.php(98): YiiBase::createApplication('CWebApplication', '/opt/lampp/htdo...')
#12 /opt/lampp/htdocs/yiizero/index.php(13): YiiBase::createWebApplication('/opt/lampp/htdo...')
#13 {main}
REQUEST_URI=/yiizero/
---
2013/09/04 14:38:42 [error] [exception.CException] exception 'CException' with message 'CAssetManager.basePath "/opt/lampp/htdocs/yiizero/assets" is invalid. Please make sure the directory exists and is writable by the Web server process.' in /opt/lampp/htdocs/yii-1.1.14.f0fee9/framework/web/CAssetManager.php:138
Stack trace:
#0 /opt/lampp/htdocs/yii-1.1.14.f0fee9/framework/web/CAssetManager.php(123): CAssetManager->setBasePath('/opt/lampp/htdo...')
#1 /opt/lampp/htdocs/yii-1.1.14.f0fee9/framework/web/CAssetManager.php(217): CAssetManager->getBasePath()
#2 /opt/lampp/htdocs/yiizero/protected/extensions/bootstrap/components/Bootstrap.php(478): CAssetManager->publish('/opt/lampp/htdo...', false, -1, false)
#3 /opt/lampp/htdocs/yiizero/protected/extensions/bootstrap/components/packages.php(15): Bootstrap->getAssetsUrl()
#4 /opt/lampp/htdocs/yiizero/protected/extensions/bootstrap/components/Bootstrap.php(218): require('/opt/lampp/htdo...')
#5 /opt/lampp/htdocs/yiizero/protected/extensions/bootstrap/components/Bootstrap.php(203): Bootstrap->appendUserSuppliedPackagesToOurs()
#6 /opt/lampp/htdocs/yiizero/protected/extensions/bootstrap/components/Bootstrap.php(171): Bootstrap->includeAssets()
#7 /opt/lampp/htdocs/yii-1.1.14.f0fee9/framework/base/CModule.php(387): Bootstrap->init()
#8 /opt/lampp/htdocs/yii-1.1.14.f0fee9/framework/base/CModule.php(523): CModule->getComponent('bootstrap')
#9 /opt/lampp/htdocs/yii-1.1.14.f0fee9/framework/base/CApplication.php(163): CModule->preloadComponents()
#10 /opt/lampp/htdocs/yii-1.1.14.f0fee9/framework/YiiBase.php(125): CApplication->__construct('/opt/lampp/htdo...')
#11 /opt/lampp/htdocs/yii-1.1.14.f0fee9/framework/YiiBase.php(98): YiiBase::createApplication('CWebApplication', '/opt/lampp/htdo...')
#12 /opt/lampp/htdocs/yiizero/index.php(13): YiiBase::createWebApplication('/opt/lampp/htdo...')
#13 {main}
REQUEST_URI=/yiizero/
---
2013/09/04 14:38:48 [error] [exception.CException] exception 'CException' with message 'CAssetManager.basePath "/opt/lampp/htdocs/yiizero/assets" is invalid. Please make sure the directory exists and is writable by the Web server process.' in /opt/lampp/htdocs/yii-1.1.14.f0fee9/framework/web/CAssetManager.php:138
Stack trace:
#0 /opt/lampp/htdocs/yii-1.1.14.f0fee9/framework/web/CAssetManager.php(123): CAssetManager->setBasePath('/opt/lampp/htdo...')
#1 /opt/lampp/htdocs/yii-1.1.14.f0fee9/framework/web/CAssetManager.php(217): CAssetManager->getBasePath()
#2 /opt/lampp/htdocs/yiizero/protected/extensions/bootstrap/components/Bootstrap.php(478): CAssetManager->publish('/opt/lampp/htdo...', false, -1, false)
#3 /opt/lampp/htdocs/yiizero/protected/extensions/bootstrap/components/packages.php(15): Bootstrap->getAssetsUrl()
#4 /opt/lampp/htdocs/yiizero/protected/extensions/bootstrap/components/Bootstrap.php(218): require('/opt/lampp/htdo...')
#5 /opt/lampp/htdocs/yiizero/protected/extensions/bootstrap/components/Bootstrap.php(203): Bootstrap->appendUserSuppliedPackagesToOurs()
#6 /opt/lampp/htdocs/yiizero/protected/extensions/bootstrap/components/Bootstrap.php(171): Bootstrap->includeAssets()
#7 /opt/lampp/htdocs/yii-1.1.14.f0fee9/framework/base/CModule.php(387): Bootstrap->init()
#8 /opt/lampp/htdocs/yii-1.1.14.f0fee9/framework/base/CModule.php(523): CModule->getComponent('bootstrap')
#9 /opt/lampp/htdocs/yii-1.1.14.f0fee9/framework/base/CApplication.php(163): CModule->preloadComponents()
#10 /opt/lampp/htdocs/yii-1.1.14.f0fee9/framework/YiiBase.php(125): CApplication->__construct('/opt/lampp/htdo...')
#11 /opt/lampp/htdocs/yii-1.1.14.f0fee9/framework/YiiBase.php(98): YiiBase::createApplication('CWebApplication', '/opt/lampp/htdo...')
#12 /opt/lampp/htdocs/yiizero/index.php(13): YiiBase::createWebApplication('/opt/lampp/htdo...')
#13 {main}
REQUEST_URI=/yiizero/
---
2013/09/04 14:38:49 [error] [exception.CException] exception 'CException' with message 'CAssetManager.basePath "/opt/lampp/htdocs/yiizero/assets" is invalid. Please make sure the directory exists and is writable by the Web server process.' in /opt/lampp/htdocs/yii-1.1.14.f0fee9/framework/web/CAssetManager.php:138
Stack trace:
#0 /opt/lampp/htdocs/yii-1.1.14.f0fee9/framework/web/CAssetManager.php(123): CAssetManager->setBasePath('/opt/lampp/htdo...')
#1 /opt/lampp/htdocs/yii-1.1.14.f0fee9/framework/web/CAssetManager.php(217): CAssetManager->getBasePath()
#2 /opt/lampp/htdocs/yiizero/protected/extensions/bootstrap/components/Bootstrap.php(478): CAssetManager->publish('/opt/lampp/htdo...', false, -1, false)
#3 /opt/lampp/htdocs/yiizero/protected/extensions/bootstrap/components/packages.php(15): Bootstrap->getAssetsUrl()
#4 /opt/lampp/htdocs/yiizero/protected/extensions/bootstrap/components/Bootstrap.php(218): require('/opt/lampp/htdo...')
#5 /opt/lampp/htdocs/yiizero/protected/extensions/bootstrap/components/Bootstrap.php(203): Bootstrap->appendUserSuppliedPackagesToOurs()
#6 /opt/lampp/htdocs/yiizero/protected/extensions/bootstrap/components/Bootstrap.php(171): Bootstrap->includeAssets()
#7 /opt/lampp/htdocs/yii-1.1.14.f0fee9/framework/base/CModule.php(387): Bootstrap->init()
#8 /opt/lampp/htdocs/yii-1.1.14.f0fee9/framework/base/CModule.php(523): CModule->getComponent('bootstrap')
#9 /opt/lampp/htdocs/yii-1.1.14.f0fee9/framework/base/CApplication.php(163): CModule->preloadComponents()
#10 /opt/lampp/htdocs/yii-1.1.14.f0fee9/framework/YiiBase.php(125): CApplication->__construct('/opt/lampp/htdo...')
#11 /opt/lampp/htdocs/yii-1.1.14.f0fee9/framework/YiiBase.php(98): YiiBase::createApplication('CWebApplication', '/opt/lampp/htdo...')
#12 /opt/lampp/htdocs/yiizero/index.php(13): YiiBase::createWebApplication('/opt/lampp/htdo...')
#13 {main}
REQUEST_URI=/yiizero/
---
2013/09/04 14:38:49 [error] [exception.CException] exception 'CException' with message 'CAssetManager.basePath "/opt/lampp/htdocs/yiizero/assets" is invalid. Please make sure the directory exists and is writable by the Web server process.' in /opt/lampp/htdocs/yii-1.1.14.f0fee9/framework/web/CAssetManager.php:138
Stack trace:
#0 /opt/lampp/htdocs/yii-1.1.14.f0fee9/framework/web/CAssetManager.php(123): CAssetManager->setBasePath('/opt/lampp/htdo...')
#1 /opt/lampp/htdocs/yii-1.1.14.f0fee9/framework/web/CAssetManager.php(217): CAssetManager->getBasePath()
#2 /opt/lampp/htdocs/yiizero/protected/extensions/bootstrap/components/Bootstrap.php(478): CAssetManager->publish('/opt/lampp/htdo...', false, -1, false)
#3 /opt/lampp/htdocs/yiizero/protected/extensions/bootstrap/components/packages.php(15): Bootstrap->getAssetsUrl()
#4 /opt/lampp/htdocs/yiizero/protected/extensions/bootstrap/components/Bootstrap.php(218): require('/opt/lampp/htdo...')
#5 /opt/lampp/htdocs/yiizero/protected/extensions/bootstrap/components/Bootstrap.php(203): Bootstrap->appendUserSuppliedPackagesToOurs()
#6 /opt/lampp/htdocs/yiizero/protected/extensions/bootstrap/components/Bootstrap.php(171): Bootstrap->includeAssets()
#7 /opt/lampp/htdocs/yii-1.1.14.f0fee9/framework/base/CModule.php(387): Bootstrap->init()
#8 /opt/lampp/htdocs/yii-1.1.14.f0fee9/framework/base/CModule.php(523): CModule->getComponent('bootstrap')
#9 /opt/lampp/htdocs/yii-1.1.14.f0fee9/framework/base/CApplication.php(163): CModule->preloadComponents()
#10 /opt/lampp/htdocs/yii-1.1.14.f0fee9/framework/YiiBase.php(125): CApplication->__construct('/opt/lampp/htdo...')
#11 /opt/lampp/htdocs/yii-1.1.14.f0fee9/framework/YiiBase.php(98): YiiBase::createApplication('CWebApplication', '/opt/lampp/htdo...')
#12 /opt/lampp/htdocs/yiizero/index.php(13): YiiBase::createWebApplication('/opt/lampp/htdo...')
#13 {main}
REQUEST_URI=/yiizero/
---
2013/09/04 14:39:01 [error] [exception.CException] exception 'CException' with message 'CAssetManager.basePath "/opt/lampp/htdocs/yiizero/assets" is invalid. Please make sure the directory exists and is writable by the Web server process.' in /opt/lampp/htdocs/yii-1.1.14.f0fee9/framework/web/CAssetManager.php:138
Stack trace:
#0 /opt/lampp/htdocs/yii-1.1.14.f0fee9/framework/web/CAssetManager.php(123): CAssetManager->setBasePath('/opt/lampp/htdo...')
#1 /opt/lampp/htdocs/yii-1.1.14.f0fee9/framework/web/CAssetManager.php(217): CAssetManager->getBasePath()
#2 /opt/lampp/htdocs/yiizero/protected/extensions/bootstrap/components/Bootstrap.php(478): CAssetManager->publish('/opt/lampp/htdo...', false, -1, false)
#3 /opt/lampp/htdocs/yiizero/protected/extensions/bootstrap/components/packages.php(15): Bootstrap->getAssetsUrl()
#4 /opt/lampp/htdocs/yiizero/protected/extensions/bootstrap/components/Bootstrap.php(218): require('/opt/lampp/htdo...')
#5 /opt/lampp/htdocs/yiizero/protected/extensions/bootstrap/components/Bootstrap.php(203): Bootstrap->appendUserSuppliedPackagesToOurs()
#6 /opt/lampp/htdocs/yiizero/protected/extensions/bootstrap/components/Bootstrap.php(171): Bootstrap->includeAssets()
#7 /opt/lampp/htdocs/yii-1.1.14.f0fee9/framework/base/CModule.php(387): Bootstrap->init()
#8 /opt/lampp/htdocs/yii-1.1.14.f0fee9/framework/base/CModule.php(523): CModule->getComponent('bootstrap')
#9 /opt/lampp/htdocs/yii-1.1.14.f0fee9/framework/base/CApplication.php(163): CModule->preloadComponents()
#10 /opt/lampp/htdocs/yii-1.1.14.f0fee9/framework/YiiBase.php(125): CApplication->__construct('/opt/lampp/htdo...')
#11 /opt/lampp/htdocs/yii-1.1.14.f0fee9/framework/YiiBase.php(98): YiiBase::createApplication('CWebApplication', '/opt/lampp/htdo...')
#12 /opt/lampp/htdocs/yiizero/index.php(13): YiiBase::createWebApplication('/opt/lampp/htdo...')
#13 {main}
REQUEST_URI=/yiizero/
---
2013/09/04 14:39:47 [error] [exception.CException] exception 'CException' with message 'CAssetManager.basePath "/opt/lampp/htdocs/yiizero/assets" is invalid. Please make sure the directory exists and is writable by the Web server process.' in /opt/lampp/htdocs/yii-1.1.14.f0fee9/framework/web/CAssetManager.php:138
Stack trace:
#0 /opt/lampp/htdocs/yii-1.1.14.f0fee9/framework/web/CAssetManager.php(123): CAssetManager->setBasePath('/opt/lampp/htdo...')
#1 /opt/lampp/htdocs/yii-1.1.14.f0fee9/framework/web/CAssetManager.php(217): CAssetManager->getBasePath()
#2 /opt/lampp/htdocs/yiizero/protected/extensions/bootstrap/components/Bootstrap.php(478): CAssetManager->publish('/opt/lampp/htdo...', false, -1, false)
#3 /opt/lampp/htdocs/yiizero/protected/extensions/bootstrap/components/packages.php(15): Bootstrap->getAssetsUrl()
#4 /opt/lampp/htdocs/yiizero/protected/extensions/bootstrap/components/Bootstrap.php(218): require('/opt/lampp/htdo...')
#5 /opt/lampp/htdocs/yiizero/protected/extensions/bootstrap/components/Bootstrap.php(203): Bootstrap->appendUserSuppliedPackagesToOurs()
#6 /opt/lampp/htdocs/yiizero/protected/extensions/bootstrap/components/Bootstrap.php(171): Bootstrap->includeAssets()
#7 /opt/lampp/htdocs/yii-1.1.14.f0fee9/framework/base/CModule.php(387): Bootstrap->init()
#8 /opt/lampp/htdocs/yii-1.1.14.f0fee9/framework/base/CModule.php(523): CModule->getComponent('bootstrap')
#9 /opt/lampp/htdocs/yii-1.1.14.f0fee9/framework/base/CApplication.php(163): CModule->preloadComponents()
#10 /opt/lampp/htdocs/yii-1.1.14.f0fee9/framework/YiiBase.php(125): CApplication->__construct('/opt/lampp/htdo...')
#11 /opt/lampp/htdocs/yii-1.1.14.f0fee9/framework/YiiBase.php(98): YiiBase::createApplication('CWebApplication', '/opt/lampp/htdo...')
#12 /opt/lampp/htdocs/yiizero/index.php(13): YiiBase::createWebApplication('/opt/lampp/htdo...')
#13 {main}
REQUEST_URI=/yiizero/
---
2013/09/04 14:39:48 [error] [exception.CException] exception 'CException' with message 'CAssetManager.basePath "/opt/lampp/htdocs/yiizero/assets" is invalid. Please make sure the directory exists and is writable by the Web server process.' in /opt/lampp/htdocs/yii-1.1.14.f0fee9/framework/web/CAssetManager.php:138
Stack trace:
#0 /opt/lampp/htdocs/yii-1.1.14.f0fee9/framework/web/CAssetManager.php(123): CAssetManager->setBasePath('/opt/lampp/htdo...')
#1 /opt/lampp/htdocs/yii-1.1.14.f0fee9/framework/web/CAssetManager.php(217): CAssetManager->getBasePath()
#2 /opt/lampp/htdocs/yiizero/protected/extensions/bootstrap/components/Bootstrap.php(478): CAssetManager->publish('/opt/lampp/htdo...', false, -1, false)
#3 /opt/lampp/htdocs/yiizero/protected/extensions/bootstrap/components/packages.php(15): Bootstrap->getAssetsUrl()
#4 /opt/lampp/htdocs/yiizero/protected/extensions/bootstrap/components/Bootstrap.php(218): require('/opt/lampp/htdo...')
#5 /opt/lampp/htdocs/yiizero/protected/extensions/bootstrap/components/Bootstrap.php(203): Bootstrap->appendUserSuppliedPackagesToOurs()
#6 /opt/lampp/htdocs/yiizero/protected/extensions/bootstrap/components/Bootstrap.php(171): Bootstrap->includeAssets()
#7 /opt/lampp/htdocs/yii-1.1.14.f0fee9/framework/base/CModule.php(387): Bootstrap->init()
#8 /opt/lampp/htdocs/yii-1.1.14.f0fee9/framework/base/CModule.php(523): CModule->getComponent('bootstrap')
#9 /opt/lampp/htdocs/yii-1.1.14.f0fee9/framework/base/CApplication.php(163): CModule->preloadComponents()
#10 /opt/lampp/htdocs/yii-1.1.14.f0fee9/framework/YiiBase.php(125): CApplication->__construct('/opt/lampp/htdo...')
#11 /opt/lampp/htdocs/yii-1.1.14.f0fee9/framework/YiiBase.php(98): YiiBase::createApplication('CWebApplication', '/opt/lampp/htdo...')
#12 /opt/lampp/htdocs/yiizero/index.php(13): YiiBase::createWebApplication('/opt/lampp/htdo...')
#13 {main}
REQUEST_URI=/yiizero/
---
2013/09/04 14:39:48 [error] [exception.CException] exception 'CException' with message 'CAssetManager.basePath "/opt/lampp/htdocs/yiizero/assets" is invalid. Please make sure the directory exists and is writable by the Web server process.' in /opt/lampp/htdocs/yii-1.1.14.f0fee9/framework/web/CAssetManager.php:138
Stack trace:
#0 /opt/lampp/htdocs/yii-1.1.14.f0fee9/framework/web/CAssetManager.php(123): CAssetManager->setBasePath('/opt/lampp/htdo...')
#1 /opt/lampp/htdocs/yii-1.1.14.f0fee9/framework/web/CAssetManager.php(217): CAssetManager->getBasePath()
#2 /opt/lampp/htdocs/yiizero/protected/extensions/bootstrap/components/Bootstrap.php(478): CAssetManager->publish('/opt/lampp/htdo...', false, -1, false)
#3 /opt/lampp/htdocs/yiizero/protected/extensions/bootstrap/components/packages.php(15): Bootstrap->getAssetsUrl()
#4 /opt/lampp/htdocs/yiizero/protected/extensions/bootstrap/components/Bootstrap.php(218): require('/opt/lampp/htdo...')
#5 /opt/lampp/htdocs/yiizero/protected/extensions/bootstrap/components/Bootstrap.php(203): Bootstrap->appendUserSuppliedPackagesToOurs()
#6 /opt/lampp/htdocs/yiizero/protected/extensions/bootstrap/components/Bootstrap.php(171): Bootstrap->includeAssets()
#7 /opt/lampp/htdocs/yii-1.1.14.f0fee9/framework/base/CModule.php(387): Bootstrap->init()
#8 /opt/lampp/htdocs/yii-1.1.14.f0fee9/framework/base/CModule.php(523): CModule->getComponent('bootstrap')
#9 /opt/lampp/htdocs/yii-1.1.14.f0fee9/framework/base/CApplication.php(163): CModule->preloadComponents()
#10 /opt/lampp/htdocs/yii-1.1.14.f0fee9/framework/YiiBase.php(125): CApplication->__construct('/opt/lampp/htdo...')
#11 /opt/lampp/htdocs/yii-1.1.14.f0fee9/framework/YiiBase.php(98): YiiBase::createApplication('CWebApplication', '/opt/lampp/htdo...')
#12 /opt/lampp/htdocs/yiizero/index.php(13): YiiBase::createWebApplication('/opt/lampp/htdo...')
#13 {main}
REQUEST_URI=/yiizero/
---
2013/09/04 14:39:48 [error] [exception.CException] exception 'CException' with message 'CAssetManager.basePath "/opt/lampp/htdocs/yiizero/assets" is invalid. Please make sure the directory exists and is writable by the Web server process.' in /opt/lampp/htdocs/yii-1.1.14.f0fee9/framework/web/CAssetManager.php:138
Stack trace:
#0 /opt/lampp/htdocs/yii-1.1.14.f0fee9/framework/web/CAssetManager.php(123): CAssetManager->setBasePath('/opt/lampp/htdo...')
#1 /opt/lampp/htdocs/yii-1.1.14.f0fee9/framework/web/CAssetManager.php(217): CAssetManager->getBasePath()
#2 /opt/lampp/htdocs/yiizero/protected/extensions/bootstrap/components/Bootstrap.php(478): CAssetManager->publish('/opt/lampp/htdo...', false, -1, false)
#3 /opt/lampp/htdocs/yiizero/protected/extensions/bootstrap/components/packages.php(15): Bootstrap->getAssetsUrl()
#4 /opt/lampp/htdocs/yiizero/protected/extensions/bootstrap/components/Bootstrap.php(218): require('/opt/lampp/htdo...')
#5 /opt/lampp/htdocs/yiizero/protected/extensions/bootstrap/components/Bootstrap.php(203): Bootstrap->appendUserSuppliedPackagesToOurs()
#6 /opt/lampp/htdocs/yiizero/protected/extensions/bootstrap/components/Bootstrap.php(171): Bootstrap->includeAssets()
#7 /opt/lampp/htdocs/yii-1.1.14.f0fee9/framework/base/CModule.php(387): Bootstrap->init()
#8 /opt/lampp/htdocs/yii-1.1.14.f0fee9/framework/base/CModule.php(523): CModule->getComponent('bootstrap')
#9 /opt/lampp/htdocs/yii-1.1.14.f0fee9/framework/base/CApplication.php(163): CModule->preloadComponents()
#10 /opt/lampp/htdocs/yii-1.1.14.f0fee9/framework/YiiBase.php(125): CApplication->__construct('/opt/lampp/htdo...')
#11 /opt/lampp/htdocs/yii-1.1.14.f0fee9/framework/YiiBase.php(98): YiiBase::createApplication('CWebApplication', '/opt/lampp/htdo...')
#12 /opt/lampp/htdocs/yiizero/index.php(13): YiiBase::createWebApplication('/opt/lampp/htdo...')
#13 {main}
REQUEST_URI=/yiizero/
---
2013/09/04 14:39:48 [error] [exception.CException] exception 'CException' with message 'CAssetManager.basePath "/opt/lampp/htdocs/yiizero/assets" is invalid. Please make sure the directory exists and is writable by the Web server process.' in /opt/lampp/htdocs/yii-1.1.14.f0fee9/framework/web/CAssetManager.php:138
Stack trace:
#0 /opt/lampp/htdocs/yii-1.1.14.f0fee9/framework/web/CAssetManager.php(123): CAssetManager->setBasePath('/opt/lampp/htdo...')
#1 /opt/lampp/htdocs/yii-1.1.14.f0fee9/framework/web/CAssetManager.php(217): CAssetManager->getBasePath()
#2 /opt/lampp/htdocs/yiizero/protected/extensions/bootstrap/components/Bootstrap.php(478): CAssetManager->publish('/opt/lampp/htdo...', false, -1, false)
#3 /opt/lampp/htdocs/yiizero/protected/extensions/bootstrap/components/packages.php(15): Bootstrap->getAssetsUrl()
#4 /opt/lampp/htdocs/yiizero/protected/extensions/bootstrap/components/Bootstrap.php(218): require('/opt/lampp/htdo...')
#5 /opt/lampp/htdocs/yiizero/protected/extensions/bootstrap/components/Bootstrap.php(203): Bootstrap->appendUserSuppliedPackagesToOurs()
#6 /opt/lampp/htdocs/yiizero/protected/extensions/bootstrap/components/Bootstrap.php(171): Bootstrap->includeAssets()
#7 /opt/lampp/htdocs/yii-1.1.14.f0fee9/framework/base/CModule.php(387): Bootstrap->init()
#8 /opt/lampp/htdocs/yii-1.1.14.f0fee9/framework/base/CModule.php(523): CModule->getComponent('bootstrap')
#9 /opt/lampp/htdocs/yii-1.1.14.f0fee9/framework/base/CApplication.php(163): CModule->preloadComponents()
#10 /opt/lampp/htdocs/yii-1.1.14.f0fee9/framework/YiiBase.php(125): CApplication->__construct('/opt/lampp/htdo...')
#11 /opt/lampp/htdocs/yii-1.1.14.f0fee9/framework/YiiBase.php(98): YiiBase::createApplication('CWebApplication', '/opt/lampp/htdo...')
#12 /opt/lampp/htdocs/yiizero/index.php(13): YiiBase::createWebApplication('/opt/lampp/htdo...')
#13 {main}
REQUEST_URI=/yiizero/
---
2013/09/04 14:42:03 [error] [exception.CException] exception 'CException' with message 'CAssetManager.basePath "/opt/lampp/htdocs/yiizero/assets" is invalid. Please make sure the directory exists and is writable by the Web server process.' in /opt/lampp/htdocs/yii-1.1.14.f0fee9/framework/web/CAssetManager.php:138
Stack trace:
#0 /opt/lampp/htdocs/yii-1.1.14.f0fee9/framework/web/CAssetManager.php(123): CAssetManager->setBasePath('/opt/lampp/htdo...')
#1 /opt/lampp/htdocs/yii-1.1.14.f0fee9/framework/web/CAssetManager.php(217): CAssetManager->getBasePath()
#2 /opt/lampp/htdocs/yiizero/protected/extensions/bootstrap/components/Bootstrap.php(478): CAssetManager->publish('/opt/lampp/htdo...', false, -1, false)
#3 /opt/lampp/htdocs/yiizero/protected/extensions/bootstrap/components/packages.php(15): Bootstrap->getAssetsUrl()
#4 /opt/lampp/htdocs/yiizero/protected/extensions/bootstrap/components/Bootstrap.php(218): require('/opt/lampp/htdo...')
#5 /opt/lampp/htdocs/yiizero/protected/extensions/bootstrap/components/Bootstrap.php(203): Bootstrap->appendUserSuppliedPackagesToOurs()
#6 /opt/lampp/htdocs/yiizero/protected/extensions/bootstrap/components/Bootstrap.php(171): Bootstrap->includeAssets()
#7 /opt/lampp/htdocs/yii-1.1.14.f0fee9/framework/base/CModule.php(387): Bootstrap->init()
#8 /opt/lampp/htdocs/yii-1.1.14.f0fee9/framework/base/CModule.php(523): CModule->getComponent('bootstrap')
#9 /opt/lampp/htdocs/yii-1.1.14.f0fee9/framework/base/CApplication.php(163): CModule->preloadComponents()
#10 /opt/lampp/htdocs/yii-1.1.14.f0fee9/framework/YiiBase.php(125): CApplication->__construct('/opt/lampp/htdo...')
#11 /opt/lampp/htdocs/yii-1.1.14.f0fee9/framework/YiiBase.php(98): YiiBase::createApplication('CWebApplication', '/opt/lampp/htdo...')
#12 /opt/lampp/htdocs/yiizero/index.php(13): YiiBase::createWebApplication('/opt/lampp/htdo...')
#13 {main}
REQUEST_URI=/yiizero/
---
2013/09/04 14:42:05 [error] [exception.CException] exception 'CException' with message 'CAssetManager.basePath "/opt/lampp/htdocs/yiizero/assets" is invalid. Please make sure the directory exists and is writable by the Web server process.' in /opt/lampp/htdocs/yii-1.1.14.f0fee9/framework/web/CAssetManager.php:138
Stack trace:
#0 /opt/lampp/htdocs/yii-1.1.14.f0fee9/framework/web/CAssetManager.php(123): CAssetManager->setBasePath('/opt/lampp/htdo...')
#1 /opt/lampp/htdocs/yii-1.1.14.f0fee9/framework/web/CAssetManager.php(217): CAssetManager->getBasePath()
#2 /opt/lampp/htdocs/yiizero/protected/extensions/bootstrap/components/Bootstrap.php(478): CAssetManager->publish('/opt/lampp/htdo...', false, -1, false)
#3 /opt/lampp/htdocs/yiizero/protected/extensions/bootstrap/components/packages.php(15): Bootstrap->getAssetsUrl()
#4 /opt/lampp/htdocs/yiizero/protected/extensions/bootstrap/components/Bootstrap.php(218): require('/opt/lampp/htdo...')
#5 /opt/lampp/htdocs/yiizero/protected/extensions/bootstrap/components/Bootstrap.php(203): Bootstrap->appendUserSuppliedPackagesToOurs()
#6 /opt/lampp/htdocs/yiizero/protected/extensions/bootstrap/components/Bootstrap.php(171): Bootstrap->includeAssets()
#7 /opt/lampp/htdocs/yii-1.1.14.f0fee9/framework/base/CModule.php(387): Bootstrap->init()
#8 /opt/lampp/htdocs/yii-1.1.14.f0fee9/framework/base/CModule.php(523): CModule->getComponent('bootstrap')
#9 /opt/lampp/htdocs/yii-1.1.14.f0fee9/framework/base/CApplication.php(163): CModule->preloadComponents()
#10 /opt/lampp/htdocs/yii-1.1.14.f0fee9/framework/YiiBase.php(125): CApplication->__construct('/opt/lampp/htdo...')
#11 /opt/lampp/htdocs/yii-1.1.14.f0fee9/framework/YiiBase.php(98): YiiBase::createApplication('CWebApplication', '/opt/lampp/htdo...')
#12 /opt/lampp/htdocs/yiizero/index.php(13): YiiBase::createWebApplication('/opt/lampp/htdo...')
#13 {main}
REQUEST_URI=/yiizero/
---
